

*******************************************************************************
Sat Oct 27 18:18:56 2012


FIT:    data read from 'datosInsercionQuijote.dat'
        format = z
        #datapoints = 18
        residuals are weighted equally (unit weight)

function used for fitting: f(x)
fitted parameters initialized with current variable values



 Iteration 0
 WSSR        : 2.73449e-06       delta(WSSR)/WSSR   : 0
 delta(WSSR) : 0                 limit for stopping : 1e-05
 lambda	  : 3.38115e+09

initial set of free parameter values

a               = 1.63602e-11

After 1 iterations the fit converged.
final sum of squares of residuals : 2.73449e-06
rel. change during last iteration : 0

degrees of freedom    (FIT_NDF)                        : 17
rms of residuals      (FIT_STDFIT) = sqrt(WSSR/ndf)    : 0.000401064
variance of residuals (reduced chisquare) = WSSR/ndf   : 1.60852e-07

Final set of parameters            Asymptotic Standard Error
=======================            ==========================

a               = 1.63602e-11      +/- 2.796e-14    (0.1709%)


correlation matrix of the fit parameters:

               a      
a               1.000 
