
*******************************************************************************
Sat Oct 27 22:16:47 2012


FIT:    data read from 'frecuenciasV1.dat'
        format = z
        #datapoints = 40
        residuals are weighted equally (unit weight)

function used for fitting: f(x)
fitted parameters initialized with current variable values



 Iteration 0
 WSSR        : 6.16358e+06       delta(WSSR)/WSSR   : 0
 delta(WSSR) : 0                 limit for stopping : 1e-05
 lambda	  : 6.97602e+06

initial set of free parameter values

a               = 5.62892e-05

After 4 iterations the fit converged.
final sum of squares of residuals : 6.26611e-05
rel. change during last iteration : -2.28503e-11

degrees of freedom    (FIT_NDF)                        : 39
rms of residuals      (FIT_STDFIT) = sqrt(WSSR/ndf)    : 0.00126755
variance of residuals (reduced chisquare) = WSSR/ndf   : 1.60669e-06

Final set of parameters            Asymptotic Standard Error
=======================            ==========================

a               = 1.89402e-08      +/- 2.873e-11    (0.1517%)


correlation matrix of the fit parameters:

               a      
a               1.000 
