

*******************************************************************************
Sat Oct 27 21:28:53 2012


FIT:    data read from 'datosSeleccionQuijote.dat'
        format = z
        #datapoints = 18
        residuals are weighted equally (unit weight)

function used for fitting: f(x)
fitted parameters initialized with current variable values



 Iteration 0
 WSSR        : 17.3016           delta(WSSR)/WSSR   : 0
 delta(WSSR) : 0                 limit for stopping : 1e-05
 lambda	  : 3.38115e+09

initial set of free parameter values

a               = 1.48677e-08

After 3 iterations the fit converged.
final sum of squares of residuals : 0.736209
rel. change during last iteration : -1.92161e-08

degrees of freedom    (FIT_NDF)                        : 17
rms of residuals      (FIT_STDFIT) = sqrt(WSSR/ndf)    : 0.208102
variance of residuals (reduced chisquare) = WSSR/ndf   : 0.0433064

Final set of parameters            Asymptotic Standard Error
=======================            ==========================

a               = 1.4584e-08       +/- 1.451e-11    (0.09947%)


correlation matrix of the fit parameters:

               a      
a               1.000 
