

*******************************************************************************
Sat Oct 27 22:36:31 2012


FIT:    data read from 'frecuenciasV4.dat'
        format = z
        #datapoints = 40
        residuals are weighted equally (unit weight)

function used for fitting: f(x)
fitted parameters initialized with current variable values



 Iteration 0
 WSSR        : 2.20363e-07       delta(WSSR)/WSSR   : 0
 delta(WSSR) : 0                 limit for stopping : 1e-05
 lambda	  : 2274.66

initial set of free parameter values

a               = 7.53735e-07

After 1 iterations the fit converged.
final sum of squares of residuals : 2.20363e-07
rel. change during last iteration : -1.20119e-16

degrees of freedom    (FIT_NDF)                        : 39
rms of residuals      (FIT_STDFIT) = sqrt(WSSR/ndf)    : 7.51687e-05
variance of residuals (reduced chisquare) = WSSR/ndf   : 5.65033e-09

Final set of parameters            Asymptotic Standard Error
=======================            ==========================

a               = 7.53735e-07      +/- 5.225e-09    (0.6932%)


correlation matrix of the fit parameters:

               a      
a               1.000 
