

*******************************************************************************
Fri Oct 26 03:14:52 2012


FIT:    data read from 'datosBurbujaLema.dat'
        format = z
        #datapoints = 18
        residuals are weighted equally (unit weight)

function used for fitting: f(x)
fitted parameters initialized with current variable values



 Iteration 0
 WSSR        : 2.05779e+20       delta(WSSR)/WSSR   : 0
 delta(WSSR) : 0                 limit for stopping : 1e-05
 lambda	  : 3.38115e+09

initial set of free parameter values

a               = 1

After 5 iterations the fit converged.
final sum of squares of residuals : 1.24534
rel. change during last iteration : -1.42641e-15

degrees of freedom    (FIT_NDF)                        : 17
rms of residuals      (FIT_STDFIT) = sqrt(WSSR/ndf)    : 0.270657
variance of residuals (reduced chisquare) = WSSR/ndf   : 0.073255

Final set of parameters            Asymptotic Standard Error
=======================            ==========================

a               = 2.24687e-08      +/- 1.887e-11    (0.08397%)


correlation matrix of the fit parameters:

               a      
a               1.000 
