

*******************************************************************************
Fri Oct 26 03:59:47 2012


FIT:    data read from 'datosInsercionLema.dat'
        format = z
        #datapoints = 18
        residuals are weighted equally (unit weight)

function used for fitting: f(x)
fitted parameters initialized with current variable values



 Iteration 0
 WSSR        : 2.05779e+20       delta(WSSR)/WSSR   : 0
 delta(WSSR) : 0                 limit for stopping : 1e-05
 lambda	  : 3.38115e+09

initial set of free parameter values

a               = 1

After 5 iterations the fit converged.
final sum of squares of residuals : 1.38013e-05
rel. change during last iteration : -1.21296e-09

degrees of freedom    (FIT_NDF)                        : 17
rms of residuals      (FIT_STDFIT) = sqrt(WSSR/ndf)    : 0.000901023
variance of residuals (reduced chisquare) = WSSR/ndf   : 8.11843e-07

Final set of parameters            Asymptotic Standard Error
=======================            ==========================

a               = 1.32788e-12      +/- 6.281e-14    (4.73%)


correlation matrix of the fit parameters:

               a      
a               1.000 
