\BOOKMARK [0][-]{chapter.1}{\376\377\000P\000r\000i\000o\000r\000i\000t\000y\000\040\000Q\000u\000e\000u\000e}{}
\BOOKMARK [1][-]{section.1.1}{\376\377\000I\000n\000t\000r\000o\000d\000u\000c\000c\000i\000o\000n}{chapter.1}
\BOOKMARK [1][-]{section.1.2}{\376\377\000E\000j\000e\000m\000p\000l\000o\000\040\000d\000e\000\040\000U\000s\000o\000:}{chapter.1}
\BOOKMARK [1][-]{section.1.3}{\376\377\000R\000e\000p\000r\000e\000s\000e\000n\000t\000a\000c\000i\000o\000n\000e\000s}{chapter.1}
\BOOKMARK [1][-]{section.1.4}{\376\377\000P\000r\000i\000m\000e\000r\000a\000\040\000R\000e\000p\000r\000e\000s\000e\000n\000t\000a\000c\000i\000\363\000n\000:}{chapter.1}
\BOOKMARK [2][-]{subsection.1.4.1}{\376\377\000F\000u\000n\000c\000i\000\363\000n\000\040\000d\000e\000\040\000A\000b\000s\000t\000r\000a\000c\000c\000i\000\363\000n\000\040\000:}{section.1.4}
\BOOKMARK [2][-]{subsection.1.4.2}{\376\377\000I\000n\000v\000a\000r\000i\000a\000n\000t\000e\000\040\000d\000e\000\040\000l\000a\000\040\000R\000e\000p\000r\000e\000s\000e\000n\000t\000a\000c\000i\000\363\000n\000:}{section.1.4}
\BOOKMARK [1][-]{section.1.5}{\376\377\000S\000e\000g\000u\000n\000d\000a\000\040\000R\000e\000p\000r\000e\000s\000e\000n\000t\000a\000c\000i\000\363\000n\000:}{chapter.1}
\BOOKMARK [2][-]{subsection.1.5.1}{\376\377\000F\000u\000n\000c\000i\000\363\000n\000\040\000d\000e\000\040\000A\000b\000s\000t\000r\000a\000c\000c\000i\000\363\000n\000\040\000:}{section.1.5}
\BOOKMARK [2][-]{subsection.1.5.2}{\376\377\000I\000n\000v\000a\000r\000i\000a\000n\000t\000e\000\040\000d\000e\000\040\000l\000a\000\040\000R\000e\000p\000r\000e\000s\000e\000n\000t\000a\000c\000i\000\363\000n\000:}{section.1.5}
\BOOKMARK [1][-]{section.1.6}{\376\377\000T\000a\000r\000e\000a\000s\000\040\000a\000\040\000R\000e\000a\000l\000i\000z\000a\000r\000.}{chapter.1}
\BOOKMARK [0][-]{chapter.2}{\376\377\000L\000i\000s\000t\000a\000\040\000d\000e\000\040\000t\000a\000r\000e\000a\000s\000\040\000p\000e\000n\000d\000i\000e\000n\000t\000e\000s}{}
\BOOKMARK [0][-]{chapter.3}{\376\377\000\315\000n\000d\000i\000c\000e\000\040\000d\000e\000\040\000c\000l\000a\000s\000e\000s}{}
\BOOKMARK [1][-]{section.3.1}{\376\377\000L\000i\000s\000t\000a\000\040\000d\000e\000\040\000c\000l\000a\000s\000e\000s}{chapter.3}
\BOOKMARK [0][-]{chapter.4}{\376\377\000D\000o\000c\000u\000m\000e\000n\000t\000a\000c\000i\000\363\000n\000\040\000d\000e\000\040\000l\000a\000s\000\040\000c\000l\000a\000s\000e\000s}{}
\BOOKMARK [1][-]{section.4.1}{\376\377\000R\000e\000f\000e\000r\000e\000n\000c\000i\000a\000\040\000d\000e\000\040\000l\000a\000\040\000C\000l\000a\000s\000e\000\040\000p\000r\000i\000o\000r\000i\000t\000y\000\137\000q\000u\000e\000u\000e}{chapter.4}
\BOOKMARK [2][-]{subsection.4.1.1}{\376\377\000D\000e\000s\000c\000r\000i\000p\000c\000i\000\363\000n\000\040\000d\000e\000t\000a\000l\000l\000a\000d\000a}{section.4.1}
\BOOKMARK [2][-]{subsection.4.1.2}{\376\377\000D\000o\000c\000u\000m\000e\000n\000t\000a\000c\000i\000\363\000n\000\040\000d\000e\000\040\000l\000o\000s\000\040\000'\000T\000y\000p\000e\000d\000e\000f\000'\000\040\000m\000i\000e\000m\000b\000r\000o\000s\000\040\000d\000e\000\040\000l\000a\000\040\000c\000l\000a\000s\000e}{section.4.1}
\BOOKMARK [3][-]{subsubsection.4.1.2.1}{\376\377\000s\000i\000z\000e\000\137\000t\000y\000p\000e}{subsection.4.1.2}
\BOOKMARK [2][-]{subsection.4.1.3}{\376\377\000D\000o\000c\000u\000m\000e\000n\000t\000a\000c\000i\000\363\000n\000\040\000d\000e\000l\000\040\000c\000o\000n\000s\000t\000r\000u\000c\000t\000o\000r\000\040\000y\000\040\000d\000e\000s\000t\000r\000u\000c\000t\000o\000r}{section.4.1}
\BOOKMARK [3][-]{subsubsection.4.1.3.1}{\376\377\000p\000r\000i\000o\000r\000i\000t\000y\000\137\000q\000u\000e\000u\000e}{subsection.4.1.3}
\BOOKMARK [3][-]{subsubsection.4.1.3.2}{\376\377\000p\000r\000i\000o\000r\000i\000t\000y\000\137\000q\000u\000e\000u\000e}{subsection.4.1.3}
\BOOKMARK [3][-]{subsubsection.4.1.3.3}{\376\377\000p\000r\000i\000o\000r\000i\000t\000y\000\137\000q\000u\000e\000u\000e}{subsection.4.1.3}
\BOOKMARK [2][-]{subsection.4.1.4}{\376\377\000D\000o\000c\000u\000m\000e\000n\000t\000a\000c\000i\000\363\000n\000\040\000d\000e\000\040\000l\000a\000s\000\040\000f\000u\000n\000c\000i\000o\000n\000e\000s\000\040\000m\000i\000e\000m\000b\000r\000o}{section.4.1}
\BOOKMARK [3][-]{subsubsection.4.1.4.1}{\376\377\000e\000m\000p\000t\000y}{subsection.4.1.4}
\BOOKMARK [3][-]{subsubsection.4.1.4.2}{\376\377\000o\000p\000e\000r\000a\000t\000o\000r\000=}{subsection.4.1.4}
\BOOKMARK [3][-]{subsubsection.4.1.4.3}{\376\377\000p\000o\000p}{subsection.4.1.4}
\BOOKMARK [3][-]{subsubsection.4.1.4.4}{\376\377\000p\000u\000s\000h}{subsection.4.1.4}
\BOOKMARK [3][-]{subsubsection.4.1.4.5}{\376\377\000s\000i\000z\000e}{subsection.4.1.4}
\BOOKMARK [3][-]{subsubsection.4.1.4.6}{\376\377\000t\000o\000p}{subsection.4.1.4}
