

*******************************************************************************
Sat Nov  3 17:10:23 2012


FIT:    data read from 'datosV2.dat'
        format = z
        #datapoints = 18
        residuals are weighted equally (unit weight)

function used for fitting: f(x)
fitted parameters initialized with current variable values



 Iteration 0
 WSSR        : 4604.88           delta(WSSR)/WSSR   : 0
 delta(WSSR) : 0                 limit for stopping : 1e-05
 lambda	  : 3.38115e+09

initial set of free parameter values

a               = 3.57056e-08

After 3 iterations the fit converged.
final sum of squares of residuals : 28.1268
rel. change during last iteration : -1.38964e-07

degrees of freedom    (FIT_NDF)                        : 17
rms of residuals      (FIT_STDFIT) = sqrt(WSSR/ndf)    : 1.28628
variance of residuals (reduced chisquare) = WSSR/ndf   : 1.65452

Final set of parameters            Asymptotic Standard Error
=======================            ==========================

a               = 4.04217e-08      +/- 8.967e-11    (0.2218%)


correlation matrix of the fit parameters:

               a      
a               1.000 
